2024-10-01 19:17:36,919 WARN util.NativeCodeLoader: Unable to load native-hadoop library for your platform... using builtin-java classes where applicable
2024-10-01 19:17:37,125 INFO impl.MetricsConfig: Loaded properties from hadoop-metrics2.properties
2024-10-01 19:17:37,251 INFO impl.MetricsSystemImpl: Scheduled Metric snapshot period at 10 second(s).
2024-10-01 19:17:37,252 INFO impl.MetricsSystemImpl: JobTracker metrics system started
2024-10-01 19:17:37,424 WARN mapreduce.JobResourceUploader: Hadoop command-line option parsing not performed. Implement the Tool interface and execute your application with ToolRunner to remedy this.
2024-10-01 19:17:37,523 INFO input.FileInputFormat: Total input files to process : 1
2024-10-01 19:17:37,534 INFO input.FileInputFormat: Total input files to process : 1
2024-10-01 19:17:37,615 INFO mapreduce.JobSubmitter: number of splits:2
2024-10-01 19:17:37,792 INFO mapreduce.JobSubmitter: Submitting tokens for job: job_local808267071_0001
2024-10-01 19:17:37,793 INFO mapreduce.JobSubmitter: Executing with tokens: []
2024-10-01 19:17:37,969 INFO mapreduce.Job: The url to track the job: http://localhost:8080/
2024-10-01 19:17:37,970 INFO mapreduce.Job: Running job: job_local808267071_0001
2024-10-01 19:17:37,971 INFO mapred.LocalJobRunner: OutputCommitter set in config null
2024-10-01 19:17:37,976 INFO output.FileOutputCommitter: File Output Committer Algorithm version is 2
2024-10-01 19:17:37,976 INFO output.FileOutputCommitter: FileOutputCommitter skip cleanup _temporary folders under output directory:false, ignore cleanup failures: false
2024-10-01 19:17:37,977 INFO mapred.LocalJobRunner: OutputCommitter is org.apache.hadoop.mapreduce.lib.output.FileOutputCommitter
2024-10-01 19:17:38,036 INFO mapred.LocalJobRunner: Waiting for map tasks
2024-10-01 19:17:38,037 INFO mapred.LocalJobRunner: Starting task: attempt_local808267071_0001_m_000000_0
2024-10-01 19:17:38,082 INFO output.FileOutputCommitter: File Output Committer Algorithm version is 2
2024-10-01 19:17:38,083 INFO output.FileOutputCommitter: FileOutputCommitter skip cleanup _temporary folders under output directory:false, ignore cleanup failures: false
2024-10-01 19:17:38,100 INFO util.ProcfsBasedProcessTree: ProcfsBasedProcessTree currently is supported only on Linux.
2024-10-01 19:17:38,100 INFO mapred.Task:  Using ResourceCalculatorProcessTree : null
2024-10-01 19:17:38,104 INFO mapred.MapTask: Processing split: file:/Users/hemanthsukumar/project2/M-matrix-small.txt:0+92
2024-10-01 19:17:38,150 INFO mapred.MapTask: (EQUATOR) 0 kvi 26214396(104857584)
2024-10-01 19:17:38,150 INFO mapred.MapTask: mapreduce.task.io.sort.mb: 100
2024-10-01 19:17:38,150 INFO mapred.MapTask: soft limit at 83886080
2024-10-01 19:17:38,150 INFO mapred.MapTask: bufstart = 0; bufvoid = 104857600
2024-10-01 19:17:38,150 INFO mapred.MapTask: kvstart = 26214396; length = 6553600
2024-10-01 19:17:38,153 INFO mapred.MapTask: Map output collector class = org.apache.hadoop.mapred.MapTask$MapOutputBuffer
M_Mapper: Key=1, Value=(Type: 0, Column: 1, Value: -2.00)
M_Mapper: Key=0, Value=(Type: 0, Column: 0, Value: 5.00)
M_Mapper: Key=2, Value=(Type: 0, Column: 2, Value: 6.00)
M_Mapper: Key=1, Value=(Type: 0, Column: 0, Value: -3.00)
M_Mapper: Key=2, Value=(Type: 0, Column: 3, Value: 7.00)
M_Mapper: Key=2, Value=(Type: 0, Column: 0, Value: -1.00)
M_Mapper: Key=0, Value=(Type: 0, Column: 1, Value: 3.00)
M_Mapper: Key=2, Value=(Type: 0, Column: 1, Value: 4.00)
M_Mapper: Key=0, Value=(Type: 0, Column: 2, Value: 1.00)
M_Mapper: Key=0, Value=(Type: 0, Column: 3, Value: -4.00)
M_Mapper: Key=1, Value=(Type: 0, Column: 3, Value: 2.00)
2024-10-01 19:17:38,163 INFO mapred.LocalJobRunner: 
2024-10-01 19:17:38,163 INFO mapred.MapTask: Starting flush of map output
2024-10-01 19:17:38,163 INFO mapred.MapTask: Spilling map output
2024-10-01 19:17:38,163 INFO mapred.MapTask: bufstart = 0; bufend = 220; bufvoid = 104857600
2024-10-01 19:17:38,164 INFO mapred.MapTask: kvstart = 26214396(104857584); kvend = 26214356(104857424); length = 41/6553600
2024-10-01 19:17:38,196 INFO mapred.MapTask: Finished spill 0
2024-10-01 19:17:38,215 INFO mapred.Task: Task:attempt_local808267071_0001_m_000000_0 is done. And is in the process of committing
2024-10-01 19:17:38,218 INFO mapred.LocalJobRunner: map
2024-10-01 19:17:38,219 INFO mapred.Task: Task 'attempt_local808267071_0001_m_000000_0' done.
2024-10-01 19:17:38,223 INFO mapred.Task: Final Counters for attempt_local808267071_0001_m_000000_0: Counters: 17
	File System Counters
		FILE: Number of bytes read=12430
		FILE: Number of bytes written=564733
		FILE: Number of read operations=0
		FILE: Number of large read operations=0
		FILE: Number of write operations=0
	Map-Reduce Framework
		Map input records=11
		Map output records=11
		Map output bytes=220
		Map output materialized bytes=248
		Input split bytes=246
		Combine input records=0
		Spilled Records=11
		Failed Shuffles=0
		Merged Map outputs=0
		GC time elapsed (ms)=18
		Total committed heap usage (bytes)=268435456
	File Input Format Counters 
		Bytes Read=0
2024-10-01 19:17:38,223 INFO mapred.LocalJobRunner: Finishing task: attempt_local808267071_0001_m_000000_0
2024-10-01 19:17:38,223 INFO mapred.LocalJobRunner: Starting task: attempt_local808267071_0001_m_000001_0
2024-10-01 19:17:38,225 INFO output.FileOutputCommitter: File Output Committer Algorithm version is 2
2024-10-01 19:17:38,225 INFO output.FileOutputCommitter: FileOutputCommitter skip cleanup _temporary folders under output directory:false, ignore cleanup failures: false
2024-10-01 19:17:38,225 INFO util.ProcfsBasedProcessTree: ProcfsBasedProcessTree currently is supported only on Linux.
2024-10-01 19:17:38,225 INFO mapred.Task:  Using ResourceCalculatorProcessTree : null
2024-10-01 19:17:38,226 INFO mapred.MapTask: Processing split: file:/Users/hemanthsukumar/project2/N-matrix-small.txt:0+67
2024-10-01 19:17:38,258 INFO mapred.MapTask: (EQUATOR) 0 kvi 26214396(104857584)
2024-10-01 19:17:38,258 INFO mapred.MapTask: mapreduce.task.io.sort.mb: 100
2024-10-01 19:17:38,258 INFO mapred.MapTask: soft limit at 83886080
2024-10-01 19:17:38,258 INFO mapred.MapTask: bufstart = 0; bufvoid = 104857600
2024-10-01 19:17:38,258 INFO mapred.MapTask: kvstart = 26214396; length = 6553600
2024-10-01 19:17:38,259 INFO mapred.MapTask: Map output collector class = org.apache.hadoop.mapred.MapTask$MapOutputBuffer
2024-10-01 19:17:38,263 INFO mapred.LocalJobRunner: 
2024-10-01 19:17:38,263 INFO mapred.MapTask: Starting flush of map output
2024-10-01 19:17:38,263 INFO mapred.MapTask: Spilling map output
2024-10-01 19:17:38,263 INFO mapred.MapTask: bufstart = 0; bufend = 160; bufvoid = 104857600
2024-10-01 19:17:38,263 INFO mapred.MapTask: kvstart = 26214396(104857584); kvend = 26214368(104857472); length = 29/6553600
2024-10-01 19:17:38,283 INFO mapred.MapTask: Finished spill 0
2024-10-01 19:17:38,294 INFO mapred.Task: Task:attempt_local808267071_0001_m_000001_0 is done. And is in the process of committing
2024-10-01 19:17:38,296 INFO mapred.LocalJobRunner: map
2024-10-01 19:17:38,296 INFO mapred.Task: Task 'attempt_local808267071_0001_m_000001_0' done.
2024-10-01 19:17:38,297 INFO mapred.Task: Final Counters for attempt_local808267071_0001_m_000001_0: Counters: 17
	File System Counters
		FILE: Number of bytes read=13008
		FILE: Number of bytes written=564947
		FILE: Number of read operations=0
		FILE: Number of large read operations=0
		FILE: Number of write operations=0
	Map-Reduce Framework
		Map input records=8
		Map output records=8
		Map output bytes=160
		Map output materialized bytes=182
		Input split bytes=246
		Combine input records=0
		Spilled Records=8
		Failed Shuffles=0
		Merged Map outputs=0
		GC time elapsed (ms)=0
		Total committed heap usage (bytes)=373817344
	File Input Format Counters 
		Bytes Read=0
2024-10-01 19:17:38,297 INFO mapred.LocalJobRunner: Finishing task: attempt_local808267071_0001_m_000001_0
2024-10-01 19:17:38,297 INFO mapred.LocalJobRunner: map task executor complete.
2024-10-01 19:17:38,299 INFO mapred.LocalJobRunner: Waiting for reduce tasks
2024-10-01 19:17:38,299 INFO mapred.LocalJobRunner: Starting task: attempt_local808267071_0001_r_000000_0
2024-10-01 19:17:38,305 INFO output.FileOutputCommitter: File Output Committer Algorithm version is 2
2024-10-01 19:17:38,305 INFO output.FileOutputCommitter: FileOutputCommitter skip cleanup _temporary folders under output directory:false, ignore cleanup failures: false
2024-10-01 19:17:38,305 INFO util.ProcfsBasedProcessTree: ProcfsBasedProcessTree currently is supported only on Linux.
2024-10-01 19:17:38,305 INFO mapred.Task:  Using ResourceCalculatorProcessTree : null
2024-10-01 19:17:38,308 INFO mapred.ReduceTask: Using ShuffleConsumerPlugin: org.apache.hadoop.mapreduce.task.reduce.Shuffle@4698172b
2024-10-01 19:17:38,312 WARN impl.MetricsSystemImpl: JobTracker metrics system already initialized!
2024-10-01 19:17:38,329 INFO reduce.MergeManagerImpl: MergerManager: memoryLimit=1336252800, maxSingleShuffleLimit=334063200, mergeThreshold=881926912, ioSortFactor=10, memToMemMergeOutputsThreshold=10
2024-10-01 19:17:38,331 INFO reduce.EventFetcher: attempt_local808267071_0001_r_000000_0 Thread started: EventFetcher for fetching Map Completion Events
2024-10-01 19:17:38,379 INFO reduce.LocalFetcher: localfetcher#1 about to shuffle output of map attempt_local808267071_0001_m_000001_0 decomp: 178 len: 182 to MEMORY
2024-10-01 19:17:38,387 INFO reduce.InMemoryMapOutput: Read 178 bytes from map-output for attempt_local808267071_0001_m_000001_0
2024-10-01 19:17:38,388 INFO reduce.MergeManagerImpl: closeInMemoryFile -> map-output of size: 178, inMemoryMapOutputs.size() -> 1, commitMemory -> 0, usedMemory ->178
2024-10-01 19:17:38,393 INFO reduce.LocalFetcher: localfetcher#1 about to shuffle output of map attempt_local808267071_0001_m_000000_0 decomp: 244 len: 248 to MEMORY
2024-10-01 19:17:38,394 INFO reduce.InMemoryMapOutput: Read 244 bytes from map-output for attempt_local808267071_0001_m_000000_0
2024-10-01 19:17:38,394 INFO reduce.MergeManagerImpl: closeInMemoryFile -> map-output of size: 244, inMemoryMapOutputs.size() -> 2, commitMemory -> 178, usedMemory ->422
2024-10-01 19:17:38,395 INFO reduce.EventFetcher: EventFetcher is interrupted.. Returning
2024-10-01 19:17:38,396 INFO mapred.LocalJobRunner: 2 / 2 copied.
2024-10-01 19:17:38,396 INFO reduce.MergeManagerImpl: finalMerge called with 2 in-memory map-outputs and 0 on-disk map-outputs
2024-10-01 19:17:38,410 INFO mapred.Merger: Merging 2 sorted segments
2024-10-01 19:17:38,410 INFO mapred.Merger: Down to the last merge-pass, with 2 segments left of total size: 410 bytes
2024-10-01 19:17:38,420 INFO reduce.MergeManagerImpl: Merged 2 segments, 422 bytes to disk to satisfy reduce memory limit
2024-10-01 19:17:38,421 INFO reduce.MergeManagerImpl: Merging 1 files, 424 bytes from disk
2024-10-01 19:17:38,422 INFO reduce.MergeManagerImpl: Merging 0 segments, 0 bytes from memory into reduce
2024-10-01 19:17:38,422 INFO mapred.Merger: Merging 1 sorted segments
2024-10-01 19:17:38,422 INFO mapred.Merger: Down to the last merge-pass, with 1 segments left of total size: 414 bytes
2024-10-01 19:17:38,423 INFO mapred.LocalJobRunner: 2 / 2 copied.
2024-10-01 19:17:38,460 INFO Configuration.deprecation: mapred.skip.on is deprecated. Instead, use mapreduce.job.skiprecords
MxN_Reducer: Key=3 1, Product=16.00
MxN_Reducer: Key=3 2, Product=-4.00
MxN_Reducer: Key=3 0, Product=6.00
MxN_Reducer: Key=0 1, Product=-24.00
MxN_Reducer: Key=0 2, Product=6.00
MxN_Reducer: Key=0 0, Product=-9.00
MxN_Reducer: Key=1 1, Product=-16.00
MxN_Reducer: Key=1 2, Product=4.00
MxN_Reducer: Key=1 0, Product=-6.00
MxN_Reducer: Key=1 1, Product=16.00
MxN_Reducer: Key=1 0, Product=36.00
MxN_Reducer: Key=0 1, Product=-4.00
MxN_Reducer: Key=0 0, Product=-9.00
MxN_Reducer: Key=3 1, Product=28.00
MxN_Reducer: Key=3 0, Product=63.00
MxN_Reducer: Key=2 1, Product=24.00
MxN_Reducer: Key=2 0, Product=54.00
2024-10-01 19:17:38,477 INFO mapred.Task: Task:attempt_local808267071_0001_r_000000_0 is done. And is in the process of committing
2024-10-01 19:17:38,479 INFO mapred.LocalJobRunner: 2 / 2 copied.
2024-10-01 19:17:38,479 INFO mapred.Task: Task attempt_local808267071_0001_r_000000_0 is allowed to commit now
2024-10-01 19:17:38,481 INFO output.FileOutputCommitter: Saved output of task 'attempt_local808267071_0001_r_000000_0' to file:/Users/hemanthsukumar/project2/tmp
2024-10-01 19:17:38,482 INFO mapred.LocalJobRunner: reduce > reduce
2024-10-01 19:17:38,482 INFO mapred.Task: Task 'attempt_local808267071_0001_r_000000_0' done.
2024-10-01 19:17:38,482 INFO mapred.Task: Final Counters for attempt_local808267071_0001_r_000000_0: Counters: 24
	File System Counters
		FILE: Number of bytes read=13926
		FILE: Number of bytes written=565643
		FILE: Number of read operations=0
		FILE: Number of large read operations=0
		FILE: Number of write operations=0
	Map-Reduce Framework
		Combine input records=0
		Combine output records=0
		Reduce input groups=3
		Reduce shuffle bytes=430
		Reduce input records=19
		Reduce output records=29
		Spilled Records=19
		Shuffled Maps =2
		Failed Shuffles=0
		Merged Map outputs=2
		GC time elapsed (ms)=0
		Total committed heap usage (bytes)=373817344
	Shuffle Errors
		BAD_ID=0
		CONNECTION=0
		IO_ERROR=0
		WRONG_LENGTH=0
		WRONG_MAP=0
		WRONG_REDUCE=0
	File Output Format Counters 
		Bytes Written=272
2024-10-01 19:17:38,482 INFO mapred.LocalJobRunner: Finishing task: attempt_local808267071_0001_r_000000_0
2024-10-01 19:17:38,482 INFO mapred.LocalJobRunner: reduce task executor complete.
2024-10-01 19:17:38,981 INFO mapreduce.Job: Job job_local808267071_0001 running in uber mode : false
2024-10-01 19:17:38,986 INFO mapreduce.Job:  map 100% reduce 100%
2024-10-01 19:17:38,989 INFO mapreduce.Job: Job job_local808267071_0001 completed successfully
2024-10-01 19:17:39,011 INFO mapreduce.Job: Counters: 30
	File System Counters
		FILE: Number of bytes read=39364
		FILE: Number of bytes written=1695323
		FILE: Number of read operations=0
		FILE: Number of large read operations=0
		FILE: Number of write operations=0
	Map-Reduce Framework
		Map input records=19
		Map output records=19
		Map output bytes=380
		Map output materialized bytes=430
		Input split bytes=492
		Combine input records=0
		Combine output records=0
		Reduce input groups=3
		Reduce shuffle bytes=430
		Reduce input records=19
		Reduce output records=29
		Spilled Records=38
		Shuffled Maps =2
		Failed Shuffles=0
		Merged Map outputs=2
		GC time elapsed (ms)=18
		Total committed heap usage (bytes)=1016070144
	Shuffle Errors
		BAD_ID=0
		CONNECTION=0
		IO_ERROR=0
		WRONG_LENGTH=0
		WRONG_MAP=0
		WRONG_REDUCE=0
	File Input Format Counters 
		Bytes Read=0
	File Output Format Counters 
		Bytes Written=272
2024-10-01 19:17:39,034 WARN impl.MetricsSystemImpl: JobTracker metrics system already initialized!
2024-10-01 19:17:39,060 WARN mapreduce.JobResourceUploader: Hadoop command-line option parsing not performed. Implement the Tool interface and execute your application with ToolRunner to remedy this.
2024-10-01 19:17:39,138 INFO input.FileInputFormat: Total input files to process : 1
2024-10-01 19:17:39,205 INFO mapreduce.JobSubmitter: number of splits:1
2024-10-01 19:17:39,254 INFO mapreduce.JobSubmitter: Submitting tokens for job: job_local905919421_0002
2024-10-01 19:17:39,254 INFO mapreduce.JobSubmitter: Executing with tokens: []
2024-10-01 19:17:39,371 INFO mapreduce.Job: The url to track the job: http://localhost:8080/
2024-10-01 19:17:39,371 INFO mapred.LocalJobRunner: OutputCommitter set in config null
2024-10-01 19:17:39,372 INFO mapreduce.Job: Running job: job_local905919421_0002
2024-10-01 19:17:39,373 INFO output.FileOutputCommitter: File Output Committer Algorithm version is 2
2024-10-01 19:17:39,373 INFO output.FileOutputCommitter: FileOutputCommitter skip cleanup _temporary folders under output directory:false, ignore cleanup failures: false
2024-10-01 19:17:39,374 INFO mapred.LocalJobRunner: OutputCommitter is org.apache.hadoop.mapreduce.lib.output.FileOutputCommitter
2024-10-01 19:17:39,401 INFO mapred.LocalJobRunner: Waiting for map tasks
2024-10-01 19:17:39,401 INFO mapred.LocalJobRunner: Starting task: attempt_local905919421_0002_m_000000_0
2024-10-01 19:17:39,405 INFO output.FileOutputCommitter: File Output Committer Algorithm version is 2
2024-10-01 19:17:39,405 INFO output.FileOutputCommitter: FileOutputCommitter skip cleanup _temporary folders under output directory:false, ignore cleanup failures: false
2024-10-01 19:17:39,405 INFO util.ProcfsBasedProcessTree: ProcfsBasedProcessTree currently is supported only on Linux.
2024-10-01 19:17:39,405 INFO mapred.Task:  Using ResourceCalculatorProcessTree : null
2024-10-01 19:17:39,409 INFO mapred.MapTask: Processing split: file:/Users/hemanthsukumar/project2/tmp/part-r-00000:0+260
2024-10-01 19:17:39,429 INFO mapred.MapTask: (EQUATOR) 0 kvi 26214396(104857584)
2024-10-01 19:17:39,429 INFO mapred.MapTask: mapreduce.task.io.sort.mb: 100
2024-10-01 19:17:39,429 INFO mapred.MapTask: soft limit at 83886080
2024-10-01 19:17:39,429 INFO mapred.MapTask: bufstart = 0; bufvoid = 104857600
2024-10-01 19:17:39,429 INFO mapred.MapTask: kvstart = 26214396; length = 6553600
2024-10-01 19:17:39,430 INFO mapred.MapTask: Map output collector class = org.apache.hadoop.mapred.MapTask$MapOutputBuffer
MxN_Map: Key=3 2, Value=4.00
MxN_Map: Key=3 1, Value=12.00
MxN_Map: Key=3 0, Value=-20.00
MxN_Map: Key=2 2, Value=-1.00
MxN_Map: Key=2 1, Value=-3.00
MxN_Map: Key=2 0, Value=5.00
MxN_Map: Key=1 2, Value=-3.00
MxN_Map: Key=1 1, Value=-9.00
MxN_Map: Key=1 0, Value=15.00
MxN_Map: Key=0 2, Value=-5.00
MxN_Map: Key=0 1, Value=-15.00
MxN_Map: Key=0 0, Value=25.00
MxN_Map: Key=3 1, Value=16.00
MxN_Map: Key=3 2, Value=-4.00
MxN_Map: Key=3 0, Value=6.00
MxN_Map: Key=0 1, Value=-24.00
MxN_Map: Key=0 2, Value=6.00
MxN_Map: Key=0 0, Value=-9.00
MxN_Map: Key=1 1, Value=-16.00
MxN_Map: Key=1 2, Value=4.00
MxN_Map: Key=1 0, Value=-6.00
MxN_Map: Key=1 1, Value=16.00
MxN_Map: Key=1 0, Value=36.00
MxN_Map: Key=0 1, Value=-4.00
MxN_Map: Key=0 0, Value=-9.00
MxN_Map: Key=3 1, Value=28.00
MxN_Map: Key=3 0, Value=63.00
MxN_Map: Key=2 1, Value=24.00
MxN_Map: Key=2 0, Value=54.00
2024-10-01 19:17:39,447 INFO mapred.LocalJobRunner: 
2024-10-01 19:17:39,447 INFO mapred.MapTask: Starting flush of map output
2024-10-01 19:17:39,447 INFO mapred.MapTask: Spilling map output
2024-10-01 19:17:39,447 INFO mapred.MapTask: bufstart = 0; bufend = 464; bufvoid = 104857600
2024-10-01 19:17:39,447 INFO mapred.MapTask: kvstart = 26214396(104857584); kvend = 26214284(104857136); length = 113/6553600
2024-10-01 19:17:39,477 INFO mapred.MapTask: Finished spill 0
2024-10-01 19:17:39,490 INFO mapred.Task: Task:attempt_local905919421_0002_m_000000_0 is done. And is in the process of committing
2024-10-01 19:17:39,492 INFO mapred.LocalJobRunner: map
2024-10-01 19:17:39,492 INFO mapred.Task: Task 'attempt_local905919421_0002_m_000000_0' done.
2024-10-01 19:17:39,492 INFO mapred.Task: Final Counters for attempt_local905919421_0002_m_000000_0: Counters: 17
	File System Counters
		FILE: Number of bytes read=26153
		FILE: Number of bytes written=1129853
		FILE: Number of read operations=0
		FILE: Number of large read operations=0
		FILE: Number of write operations=0
	Map-Reduce Framework
		Map input records=29
		Map output records=29
		Map output bytes=464
		Map output materialized bytes=528
		Input split bytes=117
		Combine input records=0
		Spilled Records=29
		Failed Shuffles=0
		Merged Map outputs=0
		GC time elapsed (ms)=0
		Total committed heap usage (bytes)=441974784
	File Input Format Counters 
		Bytes Read=276
2024-10-01 19:17:39,492 INFO mapred.LocalJobRunner: Finishing task: attempt_local905919421_0002_m_000000_0
2024-10-01 19:17:39,493 INFO mapred.LocalJobRunner: map task executor complete.
2024-10-01 19:17:39,493 INFO mapred.LocalJobRunner: Waiting for reduce tasks
2024-10-01 19:17:39,494 INFO mapred.LocalJobRunner: Starting task: attempt_local905919421_0002_r_000000_0
2024-10-01 19:17:39,495 INFO output.FileOutputCommitter: File Output Committer Algorithm version is 2
2024-10-01 19:17:39,495 INFO output.FileOutputCommitter: FileOutputCommitter skip cleanup _temporary folders under output directory:false, ignore cleanup failures: false
2024-10-01 19:17:39,495 INFO util.ProcfsBasedProcessTree: ProcfsBasedProcessTree currently is supported only on Linux.
2024-10-01 19:17:39,495 INFO mapred.Task:  Using ResourceCalculatorProcessTree : null
2024-10-01 19:17:39,495 INFO mapred.ReduceTask: Using ShuffleConsumerPlugin: org.apache.hadoop.mapreduce.task.reduce.Shuffle@1c15d5f2
2024-10-01 19:17:39,495 WARN impl.MetricsSystemImpl: JobTracker metrics system already initialized!
2024-10-01 19:17:39,497 INFO reduce.MergeManagerImpl: MergerManager: memoryLimit=1336252800, maxSingleShuffleLimit=334063200, mergeThreshold=881926912, ioSortFactor=10, memToMemMergeOutputsThreshold=10
2024-10-01 19:17:39,497 INFO reduce.EventFetcher: attempt_local905919421_0002_r_000000_0 Thread started: EventFetcher for fetching Map Completion Events
2024-10-01 19:17:39,499 INFO reduce.LocalFetcher: localfetcher#2 about to shuffle output of map attempt_local905919421_0002_m_000000_0 decomp: 524 len: 528 to MEMORY
2024-10-01 19:17:39,499 INFO reduce.InMemoryMapOutput: Read 524 bytes from map-output for attempt_local905919421_0002_m_000000_0
2024-10-01 19:17:39,499 INFO reduce.MergeManagerImpl: closeInMemoryFile -> map-output of size: 524, inMemoryMapOutputs.size() -> 1, commitMemory -> 0, usedMemory ->524
2024-10-01 19:17:39,500 INFO reduce.EventFetcher: EventFetcher is interrupted.. Returning
2024-10-01 19:17:39,522 INFO mapred.LocalJobRunner: 1 / 1 copied.
2024-10-01 19:17:39,523 INFO reduce.MergeManagerImpl: finalMerge called with 1 in-memory map-outputs and 0 on-disk map-outputs
2024-10-01 19:17:39,542 INFO mapred.Merger: Merging 1 sorted segments
2024-10-01 19:17:39,542 INFO mapred.Merger: Down to the last merge-pass, with 1 segments left of total size: 514 bytes
2024-10-01 19:17:39,551 INFO reduce.MergeManagerImpl: Merged 1 segments, 524 bytes to disk to satisfy reduce memory limit
2024-10-01 19:17:39,552 INFO reduce.MergeManagerImpl: Merging 1 files, 528 bytes from disk
2024-10-01 19:17:39,552 INFO reduce.MergeManagerImpl: Merging 0 segments, 0 bytes from memory into reduce
2024-10-01 19:17:39,552 INFO mapred.Merger: Merging 1 sorted segments
2024-10-01 19:17:39,552 INFO mapred.Merger: Down to the last merge-pass, with 1 segments left of total size: 514 bytes
2024-10-01 19:17:39,552 INFO mapred.LocalJobRunner: 1 / 1 copied.
MxN_Red: Key=0 0, Total=7.00
MxN_Red: Key=0 2, Total=1.00
MxN_Red: Key=1 0, Total=45.00
MxN_Red: Key=1 2, Total=1.00
MxN_Red: Key=2 0, Total=59.00
MxN_Red: Key=2 1, Total=21.00
MxN_Red: Key=3 0, Total=49.00
MxN_Red: Key=3 1, Total=56.00
2024-10-01 19:17:39,593 INFO mapred.Task: Task:attempt_local905919421_0002_r_000000_0 is done. And is in the process of committing
2024-10-01 19:17:39,594 INFO mapred.LocalJobRunner: 1 / 1 copied.
2024-10-01 19:17:39,594 INFO mapred.Task: Task attempt_local905919421_0002_r_000000_0 is allowed to commit now
2024-10-01 19:17:39,595 INFO output.FileOutputCommitter: Saved output of task 'attempt_local905919421_0002_r_000000_0' to file:/Users/hemanthsukumar/project2/output
2024-10-01 19:17:39,596 INFO mapred.LocalJobRunner: reduce > reduce
2024-10-01 19:17:39,596 INFO mapred.Task: Task 'attempt_local905919421_0002_r_000000_0' done.
2024-10-01 19:17:39,597 INFO mapred.Task: Final Counters for attempt_local905919421_0002_r_000000_0: Counters: 24
	File System Counters
		FILE: Number of bytes read=27241
		FILE: Number of bytes written=1130498
		FILE: Number of read operations=0
		FILE: Number of large read operations=0
		FILE: Number of write operations=0
	Map-Reduce Framework
		Combine input records=0
		Combine output records=0
		Reduce input groups=12
		Reduce shuffle bytes=528
		Reduce input records=29
		Reduce output records=12
		Spilled Records=29
		Shuffled Maps =1
		Failed Shuffles=0
		Merged Map outputs=1
		GC time elapsed (ms)=18
		Total committed heap usage (bytes)=441974784
	Shuffle Errors
		BAD_ID=0
		CONNECTION=0
		IO_ERROR=0
		WRONG_LENGTH=0
		WRONG_MAP=0
		WRONG_REDUCE=0
	File Output Format Counters 
		Bytes Written=117
2024-10-01 19:17:39,597 INFO mapred.LocalJobRunner: Finishing task: attempt_local905919421_0002_r_000000_0
2024-10-01 19:17:39,597 INFO mapred.LocalJobRunner: reduce task executor complete.
2024-10-01 19:17:40,379 INFO mapreduce.Job: Job job_local905919421_0002 running in uber mode : false
2024-10-01 19:17:40,383 INFO mapreduce.Job:  map 100% reduce 100%
2024-10-01 19:17:40,384 INFO mapreduce.Job: Job job_local905919421_0002 completed successfully
2024-10-01 19:17:40,393 INFO mapreduce.Job: Counters: 30
	File System Counters
		FILE: Number of bytes read=53394
		FILE: Number of bytes written=2260351
		FILE: Number of read operations=0
		FILE: Number of large read operations=0
		FILE: Number of write operations=0
	Map-Reduce Framework
		Map input records=29
		Map output records=29
		Map output bytes=464
		Map output materialized bytes=528
		Input split bytes=117
		Combine input records=0
		Combine output records=0
		Reduce input groups=12
		Reduce shuffle bytes=528
		Reduce input records=29
		Reduce output records=12
		Spilled Records=58
		Shuffled Maps =1
		Failed Shuffles=0
		Merged Map outputs=1
		GC time elapsed (ms)=18
		Total committed heap usage (bytes)=883949568
	Shuffle Errors
		BAD_ID=0
		CONNECTION=0
		IO_ERROR=0
		WRONG_LENGTH=0
		WRONG_MAP=0
		WRONG_REDUCE=0
	File Input Format Counters 
		Bytes Read=276
	File Output Format Counters 
		Bytes Written=117
Matrix multiplication completed successfully.
